<?xml version="1.0" encoding="UTF-8"?>
<!-- Generated by org.testng.reporters.JUnitReportReporter -->
<testsuite skipped="0" hostname="NeeluLenovo" name="test.DuplicatedCategoryTest" tests="1" failures="0" timestamp="23 Aug 2022 21:02:08 GMT" time="5.349" errors="0">
  <testcase name="UserIsNotAbleToAddDupicatedCategory" time="5.349" classname="test.DuplicatedCategoryTest"/>
</testsuite> <!-- test.DuplicatedCategoryTest -->
