<?xml version="1.0" encoding="UTF-8"?>
<!-- Generated by org.testng.reporters.JUnitReportReporter -->
<testsuite skipped="0" hostname="NeeluLenovo" name="test.AddCategoryTest" tests="1" failures="0" timestamp="23 Aug 2022 21:16:13 GMT" time="5.437" errors="0">
  <testcase name="UserShouldBeAbleToAddCategory" time="5.437" classname="test.AddCategoryTest"/>
</testsuite> <!-- test.AddCategoryTest -->
