<?xml version="1.0" encoding="UTF-8"?>
<!-- Generated by org.testng.reporters.JUnitReportReporter -->
<testsuite skipped="0" hostname="NeeluLenovo" name="test.AddCategoryTest" tests="1" failures="0" timestamp="01 Sep 2022 14:32:49 GMT" time="6.802" errors="0">
  <testcase name="UserShouldBeAbleToAddCategory" time="6.802" classname="test.AddCategoryTest"/>
</testsuite> <!-- test.AddCategoryTest -->
