<?xml version="1.0" encoding="UTF-8"?>
<!-- Generated by org.testng.reporters.JUnitReportReporter -->
<testsuite skipped="0" hostname="NeeluLenovo" name="test.MonthDropdownTest" tests="1" failures="0" timestamp="30 Aug 2022 18:11:48 GMT" time="6.545" errors="0">
  <testcase name="validatethemonthdropdown" time="6.545" classname="test.MonthDropdownTest"/>
</testsuite> <!-- test.MonthDropdownTest -->
